<?xml version="1.0" encoding="UTF-8" ?>
<testsuite tests="1" failures="0" name="com.amazon.aws.emr.credentials.STSCredentialsProviderTest" time="0.002" errors="1" skipped="0">
  <properties>
    <property name="java.runtime.name" value="OpenJDK Runtime Environment"/>
    <property name="java.vm.version" value="11.0.8+10-post-Ubuntu-0ubuntu120.04"/>
    <property name="sun.boot.library.path" value="/usr/lib/jvm/java-11-openjdk-amd64/lib"/>
    <property name="maven.multiModuleProjectDirectory" value="/home/brad/project/amazon-emr-user-role-mapper"/>
    <property name="java.vm.vendor" value="Ubuntu"/>
    <property name="java.vendor.url" value="https://ubuntu.com/"/>
    <property name="guice.disable.misplaced.annotation.check" value="true"/>
    <property name="path.separator" value=":"/>
    <property name="java.vm.name" value="OpenJDK 64-Bit Server VM"/>
    <property name="sun.os.patch.level" value="unknown"/>
    <property name="user.country" value="US"/>
    <property name="sun.java.launcher" value="SUN_STANDARD"/>
    <property name="java.vm.specification.name" value="Java Virtual Machine Specification"/>
    <property name="user.dir" value="/home/brad/project/amazon-emr-user-role-mapper"/>
    <property name="java.vm.compressedOopsMode" value="Zero based"/>
    <property name="java.runtime.version" value="11.0.8+10-post-Ubuntu-0ubuntu120.04"/>
    <property name="java.awt.graphicsenv" value="sun.awt.X11GraphicsEnvironment"/>
    <property name="os.arch" value="amd64"/>
    <property name="java.io.tmpdir" value="/tmp"/>
    <property name="line.separator" value="
"/>
    <property name="java.vm.specification.vendor" value="Oracle Corporation"/>
    <property name="os.name" value="Linux"/>
    <property name="classworlds.conf" value="/usr/share/maven/bin/m2.conf"/>
    <property name="sun.jnu.encoding" value="UTF-8"/>
    <property name="java.library.path" value="/usr/java/packages/lib:/usr/lib/x86_64-linux-gnu/jni:/lib/x86_64-linux-gnu:/usr/lib/x86_64-linux-gnu:/usr/lib/jni:/lib:/usr/lib"/>
    <property name="maven.conf" value="/usr/share/maven/conf"/>
    <property name="jdk.debug" value="release"/>
    <property name="java.class.version" value="55.0"/>
    <property name="java.specification.name" value="Java Platform API Specification"/>
    <property name="sun.management.compiler" value="HotSpot 64-Bit Tiered Compilers"/>
    <property name="os.version" value="5.4.0-48-generic"/>
    <property name="library.jansi.path" value="/usr/share/maven/lib/jansi-native"/>
    <property name="user.home" value="/home/brad"/>
    <property name="user.timezone" value="America/Los_Angeles"/>
    <property name="java.awt.printerjob" value="sun.print.PSPrinterJob"/>
    <property name="file.encoding" value="UTF-8"/>
    <property name="java.specification.version" value="11"/>
    <property name="user.name" value="brad"/>
    <property name="java.class.path" value="/usr/share/maven/boot/plexus-classworlds-2.x.jar"/>
    <property name="java.vm.specification.version" value="11"/>
    <property name="sun.arch.data.model" value="64"/>
    <property name="sun.java.command" value="org.codehaus.plexus.classworlds.launcher.Launcher clean package"/>
    <property name="java.home" value="/usr/lib/jvm/java-11-openjdk-amd64"/>
    <property name="user.language" value="en"/>
    <property name="java.specification.vendor" value="Oracle Corporation"/>
    <property name="awt.toolkit" value="sun.awt.X11.XToolkit"/>
    <property name="java.vm.info" value="mixed mode, sharing"/>
    <property name="java.version" value="11.0.8"/>
    <property name="securerandom.source" value="file:/dev/./urandom"/>
    <property name="java.vendor" value="Ubuntu"/>
    <property name="maven.home" value="/usr/share/maven"/>
    <property name="file.separator" value="/"/>
    <property name="java.version.date" value="2020-07-14"/>
    <property name="java.vendor.url.bug" value="https://bugs.launchpad.net/ubuntu/+source/openjdk-lts"/>
    <property name="sun.io.unicode.encoding" value="UnicodeLittle"/>
    <property name="sun.cpu.endian" value="little"/>
    <property name="sun.desktop" value="gnome"/>
    <property name="sun.cpu.isalist" value=""/>
  </properties>
  <testcase classname="com.amazon.aws.emr.credentials.STSCredentialsProviderTest" name="initializationError" time="0.002">
    <error message="java.lang.reflect.InvocationTargetException" type="org.objenesis.ObjenesisException">org.objenesis.ObjenesisException: java.lang.reflect.InvocationTargetException
	at org.objenesis.instantiator.sun.SunReflectionFactoryHelper.newConstructorForSerialization(SunReflectionFactoryHelper.java:54)
	at org.objenesis.instantiator.sun.SunReflectionFactoryInstantiator.&lt;init&gt;(SunReflectionFactoryInstantiator.java:41)
	at org.objenesis.strategy.StdInstantiatorStrategy.newInstantiatorOf(StdInstantiatorStrategy.java:67)
	at org.objenesis.ObjenesisBase.getInstantiatorOf(ObjenesisBase.java:94)
	at org.powermock.reflect.internal.WhiteboxImpl.newInstance(WhiteboxImpl.java:259)
	at org.powermock.reflect.Whitebox.newInstance(Whitebox.java:139)
	at org.powermock.tests.utils.impl.AbstractTestSuiteChunkerImpl.getPowerMockTestListenersLoadedByASpecificClassLoader(AbstractTestSuiteChunkerImpl.java:95)
	at org.powermock.modules.junit4.common.internal.impl.JUnit4TestSuiteChunkerImpl.createDelegatorFromClassloader(JUnit4TestSuiteChunkerImpl.java:174)
	at org.powermock.modules.junit4.common.internal.impl.JUnit4TestSuiteChunkerImpl.createDelegatorFromClassloader(JUnit4TestSuiteChunkerImpl.java:48)
	at org.powermock.tests.utils.impl.AbstractTestSuiteChunkerImpl.createTestDelegators(AbstractTestSuiteChunkerImpl.java:108)
	at org.powermock.modules.junit4.common.internal.impl.JUnit4TestSuiteChunkerImpl.&lt;init&gt;(JUnit4TestSuiteChunkerImpl.java:71)
	at org.powermock.modules.junit4.common.internal.impl.AbstractCommonPowerMockRunner.&lt;init&gt;(AbstractCommonPowerMockRunner.java:36)
	at org.powermock.modules.junit4.PowerMockRunner.&lt;init&gt;(PowerMockRunner.java:34)
	at java.base/jdk.internal.reflect.NativeConstructorAccessorImpl.newInstance0(Native Method)
	at java.base/jdk.internal.reflect.NativeConstructorAccessorImpl.newInstance(NativeConstructorAccessorImpl.java:62)
	at java.base/jdk.internal.reflect.DelegatingConstructorAccessorImpl.newInstance(DelegatingConstructorAccessorImpl.java:45)
	at java.base/java.lang.reflect.Constructor.newInstance(Constructor.java:490)
	at org.junit.internal.builders.AnnotatedBuilder.buildRunner(AnnotatedBuilder.java:104)
	at org.junit.internal.builders.AnnotatedBuilder.runnerForClass(AnnotatedBuilder.java:86)
	at org.junit.runners.model.RunnerBuilder.safeRunnerForClass(RunnerBuilder.java:59)
	at org.junit.internal.builders.AllDefaultPossibilitiesBuilder.runnerForClass(AllDefaultPossibilitiesBuilder.java:26)
	at org.junit.runners.model.RunnerBuilder.safeRunnerForClass(RunnerBuilder.java:59)
	at org.junit.internal.requests.ClassRequest.getRunner(ClassRequest.java:33)
	at org.apache.maven.surefire.junit4.JUnit4Provider.execute(JUnit4Provider.java:250)
	at org.apache.maven.surefire.junit4.JUnit4Provider.executeTestSet(JUnit4Provider.java:141)
	at org.apache.maven.surefire.junit4.JUnit4Provider.invoke(JUnit4Provider.java:112)
	at java.base/jdk.internal.reflect.NativeMethodAccessorImpl.invoke0(Native Method)
	at java.base/jdk.internal.reflect.NativeMethodAccessorImpl.invoke(NativeMethodAccessorImpl.java:62)
	at java.base/jdk.internal.reflect.DelegatingMethodAccessorImpl.invoke(DelegatingMethodAccessorImpl.java:43)
	at java.base/java.lang.reflect.Method.invoke(Method.java:566)
	at org.apache.maven.surefire.util.ReflectionUtils.invokeMethodWithArray(ReflectionUtils.java:189)
	at org.apache.maven.surefire.booter.ProviderFactory$ProviderProxy.invoke(ProviderFactory.java:165)
	at org.apache.maven.surefire.booter.ProviderFactory.invokeProvider(ProviderFactory.java:85)
	at org.apache.maven.surefire.booter.ForkedBooter.runSuitesInProcess(ForkedBooter.java:115)
	at org.apache.maven.surefire.booter.ForkedBooter.main(ForkedBooter.java:75)
Caused by: java.lang.reflect.InvocationTargetException
	at java.base/jdk.internal.reflect.NativeMethodAccessorImpl.invoke0(Native Method)
	at java.base/jdk.internal.reflect.NativeMethodAccessorImpl.invoke(NativeMethodAccessorImpl.java:62)
	at java.base/jdk.internal.reflect.DelegatingMethodAccessorImpl.invoke(DelegatingMethodAccessorImpl.java:43)
	at java.base/java.lang.reflect.Method.invoke(Method.java:566)
	at org.objenesis.instantiator.sun.SunReflectionFactoryHelper.newConstructorForSerialization(SunReflectionFactoryHelper.java:44)
	... 34 more
Caused by: java.lang.IllegalAccessError: class jdk.internal.reflect.ConstructorAccessorImpl loaded by org.powermock.core.classloader.MockClassLoader @2c257c0a cannot access jdk/internal/reflect superclass jdk.internal.reflect.MagicAccessorImpl
	at java.base/java.lang.ClassLoader.defineClass1(Native Method)
	at java.base/java.lang.ClassLoader.defineClass(ClassLoader.java:1017)
	at org.powermock.core.classloader.MockClassLoader.loadUnmockedClass(MockClassLoader.java:262)
	at org.powermock.core.classloader.MockClassLoader.loadModifiedClass(MockClassLoader.java:206)
	at org.powermock.core.classloader.DeferSupportingClassLoader.loadClass1(DeferSupportingClassLoader.java:89)
	at org.powermock.core.classloader.DeferSupportingClassLoader.loadClass(DeferSupportingClassLoader.java:79)
	at java.base/java.lang.ClassLoader.loadClass(ClassLoader.java:522)
	at java.base/java.lang.ClassLoader.defineClass1(Native Method)
	at java.base/java.lang.ClassLoader.defineClass(ClassLoader.java:1017)
	at org.powermock.core.classloader.MockClassLoader.loadUnmockedClass(MockClassLoader.java:262)
	at org.powermock.core.classloader.MockClassLoader.loadModifiedClass(MockClassLoader.java:206)
	at org.powermock.core.classloader.DeferSupportingClassLoader.loadClass1(DeferSupportingClassLoader.java:89)
	at org.powermock.core.classloader.DeferSupportingClassLoader.loadClass(DeferSupportingClassLoader.java:79)
	at java.base/java.lang.ClassLoader.loadClass(ClassLoader.java:522)
	at java.base/jdk.internal.misc.Unsafe.defineClass0(Native Method)
	at java.base/jdk.internal.misc.Unsafe.defineClass(Unsafe.java:1192)
	at java.base/jdk.internal.reflect.ClassDefiner.defineClass(ClassDefiner.java:63)
	at java.base/jdk.internal.reflect.MethodAccessorGenerator$1.run(MethodAccessorGenerator.java:400)
	at java.base/jdk.internal.reflect.MethodAccessorGenerator$1.run(MethodAccessorGenerator.java:394)
	at java.base/java.security.AccessController.doPrivileged(Native Method)
	at java.base/jdk.internal.reflect.MethodAccessorGenerator.generate(MethodAccessorGenerator.java:393)
	at java.base/jdk.internal.reflect.MethodAccessorGenerator.generateSerializationConstructor(MethodAccessorGenerator.java:112)
	at java.base/jdk.internal.reflect.ReflectionFactory.generateConstructor(ReflectionFactory.java:514)
	at java.base/jdk.internal.reflect.ReflectionFactory.newConstructorForSerialization(ReflectionFactory.java:427)
	at jdk.unsupported/sun.reflect.ReflectionFactory.newConstructorForSerialization(ReflectionFactory.java:103)
	... 39 more
</error>
  </testcase>
</testsuite>